<?xml version="1.0" encoding="UTF-8"?>
<testng-results skipped="0" failed="0" total="0" passed="0">
  <reporter-output>
  </reporter-output>
  <suite name="testNGDemo.TestSequence" duration-ms="3" started-at="2019-04-27T09:27:47Z" finished-at="2019-04-27T09:27:47Z">
    <groups>
    </groups>
    <test name="Command line test" duration-ms="3" started-at="2019-04-27T09:27:47Z" finished-at="2019-04-27T09:27:47Z">
    </test> <!-- Command line test -->
  </suite> <!-- testNGDemo.TestSequence -->
</testng-results>
