<?xml version="1.0" encoding="UTF-8"?>
<testng-results skipped="0" failed="0" total="1" passed="1">
  <reporter-output>
  </reporter-output>
  <suite name="Suite" duration-ms="28" started-at="2019-04-28T10:32:24Z" finished-at="2019-04-28T10:32:24Z">
    <groups>
    </groups>
    <test name="Test1" duration-ms="28" started-at="2019-04-28T10:32:24Z" finished-at="2019-04-28T10:32:24Z">
      <class name="testNGDemo.ParameterisationTestNG">
        <test-method status="PASS" signature="loginTest1(java.lang.String, java.lang.String, java.lang.String, java.lang.String)[pri:0, instance:testNGDemo.ParameterisationTestNG@2eee9593]" name="loginTest1" duration-ms="12" started-at="2019-04-28T16:02:24Z" finished-at="2019-04-28T16:02:24Z">
          <params>
            <param index="0">
              <value>
                <![CDATA[chromebrowser]]>
              </value>
            </param>
            <param index="1">
              <value>
                <![CDATA[username1]]>
              </value>
            </param>
            <param index="2">
              <value>
                <![CDATA[password1]]>
              </value>
            </param>
            <param index="3">
              <value>
                <![CDATA[windows]]>
              </value>
            </param>
          </params>
          <reporter-output>
          </reporter-output>
        </test-method> <!-- loginTest1 -->
      </class> <!-- testNGDemo.ParameterisationTestNG -->
    </test> <!-- Test1 -->
  </suite> <!-- Suite -->
</testng-results>
